2026-04-26 17:37:31 | INFO     | app.main:lifespan:18 - MedQuantum-NIN API v1.0.0 starting
2026-04-26 17:37:31 | INFO     | app.main:lifespan:19 - Environment: development
2026-04-26 17:37:31 | INFO     | app.main:lifespan:20 - CORS origins: ['http://localhost:5173']
2026-04-26 17:37:34 | INFO     | app.core.logging:dispatch:39 - GET /api/ecg/samples ΓåÆ 200 (2.5ms)
2026-04-26 17:37:37 | INFO     | app.core.logging:dispatch:39 - POST /api/ecg/upload ΓåÆ 422 (22.3ms)
2026-04-26 17:38:57 | DEBUG    | app.services.preprocessing:preprocess:22 - Notch filter: 15.1ms
2026-04-26 17:38:57 | DEBUG    | app.services.preprocessing:preprocess:26 - Bandpass filter: 5.4ms
2026-04-26 17:38:57 | DEBUG    | app.services.preprocessing:preprocess:30 - Baseline correction: 12.7ms
2026-04-26 17:38:57 | DEBUG    | app.services.preprocessing:preprocess:34 - Smoothing: 6.9ms
2026-04-26 17:38:57 | INFO     | app.services.preprocessing:preprocess:37 - Preprocessing complete in 43.1ms, quality=100.0
2026-04-26 17:38:57 | DEBUG    | app.utils.signal_io:save_temp_signal:93 - Saved temp signal 9e9861c7-ad09-44b9-a7a3-0f4a1fcdccb4, shape=(1001, 3)
2026-04-26 17:38:57 | INFO     | app.core.logging:dispatch:39 - POST /api/ecg/upload ΓåÆ 200 (78.5ms)
2026-04-26 17:39:13 | INFO     | app.main:lifespan:18 - MedQuantum-NIN API v1.0.0 starting
2026-04-26 17:39:13 | INFO     | app.main:lifespan:19 - Environment: development
2026-04-26 17:39:13 | INFO     | app.main:lifespan:20 - CORS origins: ['http://localhost:5173']
2026-04-26 17:39:13 | INFO     | app.main:lifespan:18 - MedQuantum-NIN API v1.0.0 starting
2026-04-26 17:39:13 | INFO     | app.main:lifespan:19 - Environment: development
2026-04-26 17:39:13 | INFO     | app.main:lifespan:20 - CORS origins: ['http://localhost:5173']
2026-04-26 17:39:14 | INFO     | app.main:lifespan:18 - MedQuantum-NIN API v1.0.0 starting
2026-04-26 17:39:14 | INFO     | app.main:lifespan:19 - Environment: development
2026-04-26 17:39:14 | INFO     | app.main:lifespan:20 - CORS origins: ['http://localhost:5173']
2026-04-26 17:40:36 | DEBUG    | app.services.preprocessing:preprocess:25 - Notch filter: 62.0ms
2026-04-26 17:40:36 | DEBUG    | app.services.preprocessing:preprocess:29 - Bandpass filter: 2.3ms
2026-04-26 17:40:36 | DEBUG    | app.services.preprocessing:preprocess:33 - Baseline correction: 1.4ms
2026-04-26 17:40:36 | DEBUG    | app.services.preprocessing:preprocess:37 - Smoothing: 2.1ms
2026-04-26 17:40:36 | INFO     | app.services.preprocessing:preprocess:40 - Preprocessing complete in 72.0ms, quality=100.0
2026-04-26 17:40:36 | DEBUG    | app.utils.signal_io:save_temp_signal:93 - Saved temp signal e4a17c52-2220-48b8-9b9a-f9030d4204aa, shape=(1001, 3)
2026-04-26 17:40:36 | INFO     | app.core.logging:dispatch:39 - POST /api/ecg/upload ΓåÆ 200 (101.6ms)
2026-04-26 17:40:42 | INFO     | app.routers.analysis:run_analysis_pipeline:32 - Starting analysis for signal_id=test
2026-04-26 17:40:42 | INFO     | app.core.logging:dispatch:39 - POST /api/analysis/analyze ΓåÆ 404 (3.0ms)
2026-04-26 17:40:47 | DEBUG    | app.services.preprocessing:preprocess:25 - Notch filter: 56.4ms
2026-04-26 17:40:47 | DEBUG    | app.services.preprocessing:preprocess:29 - Bandpass filter: 2.2ms
2026-04-26 17:40:47 | DEBUG    | app.services.preprocessing:preprocess:33 - Baseline correction: 1.1ms
2026-04-26 17:40:47 | DEBUG    | app.services.preprocessing:preprocess:37 - Smoothing: 1.4ms
2026-04-26 17:40:47 | INFO     | app.services.preprocessing:preprocess:40 - Preprocessing complete in 63.1ms, quality=100.0
2026-04-26 17:40:47 | DEBUG    | app.utils.signal_io:save_temp_signal:93 - Saved temp signal dac87c6d-a7d9-4ad8-86fd-59a80ac87323, shape=(1001, 3)
2026-04-26 17:40:47 | INFO     | app.core.logging:dispatch:39 - POST /api/ecg/upload ΓåÆ 200 (88.8ms)
2026-04-26 17:40:51 | INFO     | app.routers.analysis:run_analysis_pipeline:32 - Starting analysis for signal_id=dac87c6d-a7d9-4ad8-86fd-59a80ac87323
2026-04-26 17:40:51 | DEBUG    | app.services.preprocessing:preprocess:25 - Notch filter: 60.4ms
2026-04-26 17:40:51 | DEBUG    | app.services.preprocessing:preprocess:29 - Bandpass filter: 2.4ms
2026-04-26 17:40:51 | DEBUG    | app.services.preprocessing:preprocess:33 - Baseline correction: 1.0ms
2026-04-26 17:40:51 | DEBUG    | app.services.preprocessing:preprocess:37 - Smoothing: 1.5ms
2026-04-26 17:40:51 | INFO     | app.services.preprocessing:preprocess:40 - Preprocessing complete in 68.7ms, quality=100.0
2026-04-26 17:40:51 | DEBUG    | app.routers.analysis:run_analysis_pipeline:43 - Preprocessing: 69ms
2026-04-26 17:40:55 | DEBUG    | app.services.feature_extraction:extract_features:19 - Detected 3 R-peaks
2026-04-26 17:40:55 | INFO     | app.services.feature_extraction:extract_features:53 - Feature extraction complete in 3734.8ms: HR=22.0 bpm
2026-04-26 17:40:55 | DEBUG    | app.routers.analysis:run_analysis_pipeline:47 - Feature extraction: 3735ms
2026-04-26 17:40:55 | INFO     | app.services.rule_engine:evaluate:34 - Rule engine: 1 diagnoses, risk=critical
2026-04-26 17:40:55 | DEBUG    | app.routers.analysis:run_analysis_pipeline:51 - Rule engine: 0ms, 1 diagnoses
2026-04-26 17:40:55 | ERROR    | app.routers.analysis:analyze_ecg:99 - Analysis failed: MLModelPlaceholder.predict() takes 2 positional arguments but 3 were given
2026-04-26 17:40:55 | INFO     | app.core.logging:dispatch:39 - POST /api/analysis/analyze ΓåÆ 500 (3809.5ms)
2026-04-26 17:41:02 | INFO     | app.main:lifespan:18 - MedQuantum-NIN API v1.0.0 starting
2026-04-26 17:41:02 | INFO     | app.main:lifespan:19 - Environment: development
2026-04-26 17:41:02 | INFO     | app.main:lifespan:20 - CORS origins: ['http://localhost:5173']
2026-04-26 17:41:02 | INFO     | app.main:lifespan:18 - MedQuantum-NIN API v1.0.0 starting
2026-04-26 17:41:02 | INFO     | app.main:lifespan:19 - Environment: development
2026-04-26 17:41:02 | INFO     | app.main:lifespan:20 - CORS origins: ['http://localhost:5173']
2026-04-26 17:41:03 | INFO     | app.main:lifespan:18 - MedQuantum-NIN API v1.0.0 starting
2026-04-26 17:41:03 | INFO     | app.main:lifespan:19 - Environment: development
2026-04-26 17:41:03 | INFO     | app.main:lifespan:20 - CORS origins: ['http://localhost:5173']
2026-04-26 17:41:07 | INFO     | app.routers.analysis:run_analysis_pipeline:32 - Starting analysis for signal_id=dac87c6d-a7d9-4ad8-86fd-59a80ac87323
2026-04-26 17:41:07 | DEBUG    | app.services.preprocessing:preprocess:25 - Notch filter: 69.7ms
2026-04-26 17:41:07 | DEBUG    | app.services.preprocessing:preprocess:29 - Bandpass filter: 2.5ms
2026-04-26 17:41:07 | DEBUG    | app.services.preprocessing:preprocess:33 - Baseline correction: 1.4ms
2026-04-26 17:41:07 | DEBUG    | app.services.preprocessing:preprocess:37 - Smoothing: 1.5ms
2026-04-26 17:41:07 | INFO     | app.services.preprocessing:preprocess:40 - Preprocessing complete in 77.9ms, quality=100.0
2026-04-26 17:41:07 | DEBUG    | app.routers.analysis:run_analysis_pipeline:43 - Preprocessing: 79ms
2026-04-26 17:41:08 | DEBUG    | app.services.feature_extraction:extract_features:19 - Detected 4 R-peaks
2026-04-26 17:41:09 | INFO     | app.services.feature_extraction:extract_features:53 - Feature extraction complete in 1166.8ms: HR=29.5 bpm
2026-04-26 17:41:09 | DEBUG    | app.routers.analysis:run_analysis_pipeline:47 - Feature extraction: 1167ms
2026-04-26 17:41:09 | INFO     | app.services.rule_engine:evaluate:34 - Rule engine: 2 diagnoses, risk=critical
2026-04-26 17:41:09 | DEBUG    | app.routers.analysis:run_analysis_pipeline:51 - Rule engine: 0ms, 2 diagnoses
2026-04-26 17:41:09 | ERROR    | app.routers.analysis:analyze_ecg:99 - Analysis failed: 'numpy.ndarray' object has no attribute 'get'
2026-04-26 17:41:09 | INFO     | app.core.logging:dispatch:39 - POST /api/analysis/analyze ΓåÆ 500 (1352.8ms)
2026-04-26 17:41:20 | INFO     | app.main:lifespan:18 - MedQuantum-NIN API v1.0.0 starting
2026-04-26 17:41:20 | INFO     | app.main:lifespan:19 - Environment: development
2026-04-26 17:41:20 | INFO     | app.main:lifespan:20 - CORS origins: ['http://localhost:5173']
2026-04-26 17:41:20 | INFO     | app.main:lifespan:18 - MedQuantum-NIN API v1.0.0 starting
2026-04-26 17:41:20 | INFO     | app.main:lifespan:19 - Environment: development
2026-04-26 17:41:20 | INFO     | app.main:lifespan:20 - CORS origins: ['http://localhost:5173']
2026-04-26 17:41:20 | INFO     | app.main:lifespan:18 - MedQuantum-NIN API v1.0.0 starting
2026-04-26 17:41:20 | INFO     | app.main:lifespan:19 - Environment: development
2026-04-26 17:41:20 | INFO     | app.main:lifespan:20 - CORS origins: ['http://localhost:5173']
2026-04-26 17:41:24 | INFO     | app.routers.analysis:run_analysis_pipeline:32 - Starting analysis for signal_id=dac87c6d-a7d9-4ad8-86fd-59a80ac87323
2026-04-26 17:41:24 | DEBUG    | app.services.preprocessing:preprocess:25 - Notch filter: 103.5ms
2026-04-26 17:41:24 | DEBUG    | app.services.preprocessing:preprocess:29 - Bandpass filter: 3.7ms
2026-04-26 17:41:24 | DEBUG    | app.services.preprocessing:preprocess:33 - Baseline correction: 1.7ms
2026-04-26 17:41:24 | DEBUG    | app.services.preprocessing:preprocess:37 - Smoothing: 2.1ms
2026-04-26 17:41:24 | INFO     | app.services.preprocessing:preprocess:40 - Preprocessing complete in 114.9ms, quality=100.0
2026-04-26 17:41:24 | DEBUG    | app.routers.analysis:run_analysis_pipeline:43 - Preprocessing: 115ms
2026-04-26 17:41:26 | DEBUG    | app.services.feature_extraction:extract_features:19 - Detected 7 R-peaks
2026-04-26 17:41:26 | INFO     | app.services.feature_extraction:extract_features:53 - Feature extraction complete in 1310.2ms: HR=82.1 bpm
2026-04-26 17:41:26 | DEBUG    | app.routers.analysis:run_analysis_pipeline:47 - Feature extraction: 1311ms
2026-04-26 17:41:26 | INFO     | app.services.rule_engine:evaluate:34 - Rule engine: 2 diagnoses, risk=high-risk
2026-04-26 17:41:26 | DEBUG    | app.routers.analysis:run_analysis_pipeline:51 - Rule engine: 1ms, 2 diagnoses
2026-04-26 17:41:26 | ERROR    | app.routers.analysis:analyze_ecg:99 - Analysis failed: 'ECGFeatures' object has no attribute 'get'
2026-04-26 17:41:26 | INFO     | app.core.logging:dispatch:39 - POST /api/analysis/analyze ΓåÆ 500 (1539.9ms)
2026-04-26 17:41:33 | INFO     | app.main:lifespan:18 - MedQuantum-NIN API v1.0.0 starting
2026-04-26 17:41:33 | INFO     | app.main:lifespan:19 - Environment: development
2026-04-26 17:41:33 | INFO     | app.main:lifespan:20 - CORS origins: ['http://localhost:5173']
2026-04-26 17:41:33 | INFO     | app.main:lifespan:18 - MedQuantum-NIN API v1.0.0 starting
2026-04-26 17:41:33 | INFO     | app.main:lifespan:19 - Environment: development
2026-04-26 17:41:33 | INFO     | app.main:lifespan:20 - CORS origins: ['http://localhost:5173']
2026-04-26 17:41:34 | INFO     | app.main:lifespan:18 - MedQuantum-NIN API v1.0.0 starting
2026-04-26 17:41:34 | INFO     | app.main:lifespan:19 - Environment: development
2026-04-26 17:41:34 | INFO     | app.main:lifespan:20 - CORS origins: ['http://localhost:5173']
2026-04-26 17:41:45 | INFO     | app.routers.analysis:run_analysis_pipeline:32 - Starting analysis for signal_id=dac87c6d-a7d9-4ad8-86fd-59a80ac87323
2026-04-26 17:41:45 | DEBUG    | app.services.preprocessing:preprocess:25 - Notch filter: 55.4ms
2026-04-26 17:41:45 | DEBUG    | app.services.preprocessing:preprocess:29 - Bandpass filter: 2.5ms
2026-04-26 17:41:45 | DEBUG    | app.services.preprocessing:preprocess:33 - Baseline correction: 1.6ms
2026-04-26 17:41:45 | DEBUG    | app.services.preprocessing:preprocess:37 - Smoothing: 1.4ms
2026-04-26 17:41:45 | INFO     | app.services.preprocessing:preprocess:40 - Preprocessing complete in 62.8ms, quality=100.0
2026-04-26 17:41:45 | DEBUG    | app.routers.analysis:run_analysis_pipeline:43 - Preprocessing: 63ms
2026-04-26 17:41:46 | DEBUG    | app.services.feature_extraction:extract_features:19 - Detected 6 R-peaks
2026-04-26 17:41:46 | INFO     | app.services.feature_extraction:extract_features:53 - Feature extraction complete in 1020.8ms: HR=81.4 bpm
2026-04-26 17:41:46 | DEBUG    | app.routers.analysis:run_analysis_pipeline:47 - Feature extraction: 1022ms
2026-04-26 17:41:46 | INFO     | app.services.rule_engine:evaluate:34 - Rule engine: 1 diagnoses, risk=high-risk
2026-04-26 17:41:46 | DEBUG    | app.routers.analysis:run_analysis_pipeline:51 - Rule engine: 1ms, 1 diagnoses
2026-04-26 17:41:46 | ERROR    | app.routers.analysis:analyze_ecg:99 - Analysis failed: 'str' object has no attribute 'model_copy'
2026-04-26 17:41:46 | INFO     | app.core.logging:dispatch:39 - POST /api/analysis/analyze ΓåÆ 500 (1192.3ms)
2026-04-26 17:42:12 | INFO     | app.main:lifespan:18 - MedQuantum-NIN API v1.0.0 starting
2026-04-26 17:42:12 | INFO     | app.main:lifespan:19 - Environment: development
2026-04-26 17:42:12 | INFO     | app.main:lifespan:20 - CORS origins: ['http://localhost:5173']
2026-04-26 17:42:12 | INFO     | app.main:lifespan:18 - MedQuantum-NIN API v1.0.0 starting
2026-04-26 17:42:12 | INFO     | app.main:lifespan:19 - Environment: development
2026-04-26 17:42:12 | INFO     | app.main:lifespan:20 - CORS origins: ['http://localhost:5173']
2026-04-26 17:42:12 | INFO     | app.main:lifespan:18 - MedQuantum-NIN API v1.0.0 starting
2026-04-26 17:42:12 | INFO     | app.main:lifespan:19 - Environment: development
2026-04-26 17:42:12 | INFO     | app.main:lifespan:20 - CORS origins: ['http://localhost:5173']
2026-04-26 17:42:21 | INFO     | app.main:lifespan:18 - MedQuantum-NIN API v1.0.0 starting
2026-04-26 17:42:21 | INFO     | app.main:lifespan:19 - Environment: development
2026-04-26 17:42:21 | INFO     | app.main:lifespan:20 - CORS origins: ['http://localhost:5173']
2026-04-26 17:42:21 | INFO     | app.main:lifespan:18 - MedQuantum-NIN API v1.0.0 starting
2026-04-26 17:42:21 | INFO     | app.main:lifespan:19 - Environment: development
2026-04-26 17:42:21 | INFO     | app.main:lifespan:20 - CORS origins: ['http://localhost:5173']
2026-04-26 17:42:21 | INFO     | app.main:lifespan:18 - MedQuantum-NIN API v1.0.0 starting
2026-04-26 17:42:21 | INFO     | app.main:lifespan:19 - Environment: development
2026-04-26 17:42:21 | INFO     | app.main:lifespan:20 - CORS origins: ['http://localhost:5173']
2026-04-26 17:42:25 | INFO     | app.routers.analysis:run_analysis_pipeline:32 - Starting analysis for signal_id=dac87c6d-a7d9-4ad8-86fd-59a80ac87323
2026-04-26 17:42:25 | DEBUG    | app.services.preprocessing:preprocess:25 - Notch filter: 55.9ms
2026-04-26 17:42:25 | DEBUG    | app.services.preprocessing:preprocess:29 - Bandpass filter: 2.1ms
2026-04-26 17:42:25 | DEBUG    | app.services.preprocessing:preprocess:33 - Baseline correction: 1.2ms
2026-04-26 17:42:25 | DEBUG    | app.services.preprocessing:preprocess:37 - Smoothing: 1.3ms
2026-04-26 17:42:25 | INFO     | app.services.preprocessing:preprocess:40 - Preprocessing complete in 62.8ms, quality=100.0
2026-04-26 17:42:25 | DEBUG    | app.routers.analysis:run_analysis_pipeline:43 - Preprocessing: 63ms
2026-04-26 17:42:26 | DEBUG    | app.services.feature_extraction:extract_features:19 - Detected 2 R-peaks
2026-04-26 17:42:26 | INFO     | app.services.feature_extraction:extract_features:53 - Feature extraction complete in 962.7ms: HR=16.7 bpm
2026-04-26 17:42:26 | DEBUG    | app.routers.analysis:run_analysis_pipeline:47 - Feature extraction: 963ms
2026-04-26 17:42:26 | INFO     | app.services.rule_engine:evaluate:34 - Rule engine: 1 diagnoses, risk=critical
2026-04-26 17:42:26 | DEBUG    | app.routers.analysis:run_analysis_pipeline:51 - Rule engine: 1ms, 1 diagnoses
2026-04-26 17:42:26 | DEBUG    | app.services.explainability:generate_trace:49 - Explainability trace generated for 2 diagnoses
2026-04-26 17:42:26 | DEBUG    | app.routers.analysis:run_analysis_pipeline:60 - Explainability: 1ms
2026-04-26 17:42:26 | INFO     | app.routers.analysis:run_analysis_pipeline:78 - Analysis complete: 1132.2ms, risk=critical, diagnoses=2
2026-04-26 17:42:26 | INFO     | app.core.logging:dispatch:39 - POST /api/analysis/analyze ΓåÆ 200 (1135.5ms)
2026-04-26 20:45:01 | INFO     | app.main:lifespan:18 - MedQuantum-NIN API v1.0.0 starting
2026-04-26 20:45:01 | INFO     | app.main:lifespan:18 - MedQuantum-NIN API v1.0.0 starting
2026-04-26 20:45:01 | INFO     | app.main:lifespan:19 - Environment: development
starting
2026-04-26 20:45:01 | INFO     | app.main:lifespan:19 - Environment: development
alhost:5173']
2026-04-26 20:45:01 | INFO     | app.main:lifespan:20 - CORS origins: ['http://localhost:5173']
2026-04-26 20:45:01 | INFO     | app.main:lifespan:18 - MedQuantum-NIN API v1.0.0 starting
2026-04-26 20:45:01 | INFO     | app.main:lifespan:20 - CORS origins: ['http://localhost:5173']
2026-04-26 20:45:01 | INFO     | app.main:lifespan:19 - Environment: development
2026-04-26 20:45:01 | INFO     | app.main:lifespan:20 - CORS origins: ['http://localhost:5173']
